<?xml version="1.0" encoding="UTF-8"?>
<!-- Generated by org.testng.reporters.JUnitReportReporter -->
<testsuite hostname="DESKTOP-NG269CV" failures="0" tests="1" name="test.TestRunner" time="31.980" errors="0" timestamp="2024-11-20T21:36:49 IST" skipped="0">
  <testcase classname="test.TestRunner" name="runScenario" time="31.980">
    <system-out>
      <![CDATA[Title Test Passed
Signup Page Test Passed]]>
    </system-out>
  </testcase> <!-- runScenario -->
  <system-out>
    <![CDATA[Title Test Passed
Signup Page Test Passed]]>
  </system-out>
</testsuite> <!-- test.TestRunner -->
