<?xml version="1.0" encoding="UTF-8"?>
<!-- Generated by org.testng.reporters.JUnitReportReporter -->
<testsuite hostname="DESKTOP-NG269CV" failures="0" tests="1" name="test.TestRunner2" time="13.310" errors="0" timestamp="2024-11-22T14:39:55 IST" skipped="0">
  <testcase classname="test.TestRunner2" name="runScenario" time="13.310">
    <system-out>
      <![CDATA[Title Test Passed
Login Page Test Passed]]>
    </system-out>
  </testcase> <!-- runScenario -->
  <system-out>
    <![CDATA[Title Test Passed
Login Page Test Passed]]>
  </system-out>
</testsuite> <!-- test.TestRunner2 -->
