<?xml version="1.0" encoding="UTF-8"?>
<!-- Generated by org.testng.reporters.JUnitReportReporter -->
<testsuite hostname="DESKTOP-NG269CV" failures="0" tests="1" name="test.TestRunnerSignUp" time="29.436" errors="0" timestamp="2025-02-05T12:50:56 IST" skipped="0">
  <testcase classname="test.TestRunnerSignUp" name="runScenario" time="29.436">
    <system-out>
      <![CDATA[Title Test Passed
Signup Page Test Passed]]>
    </system-out>
  </testcase> <!-- runScenario -->
  <system-out>
    <![CDATA[Title Test Passed
Signup Page Test Passed]]>
  </system-out>
</testsuite> <!-- test.TestRunnerSignUp -->
