<?xml version="1.0" encoding="UTF-8"?>
<!-- Generated by org.testng.reporters.JUnitReportReporter -->
<testsuite hostname="DESKTOP-NG269CV" failures="0" tests="1" name="test.TestRunner1" time="28.584" errors="0" timestamp="2025-01-09T09:54:26 IST" skipped="0">
  <testcase classname="test.TestRunner1" name="runScenario" time="28.584">
    <system-out>
      <![CDATA[Title Test Passed
Signup Page Test Passed]]>
    </system-out>
  </testcase> <!-- runScenario -->
  <system-out>
    <![CDATA[Title Test Passed
Signup Page Test Passed]]>
  </system-out>
</testsuite> <!-- test.TestRunner1 -->
