<?xml version="1.0" encoding="UTF-8"?>
<!-- Generated by org.testng.reporters.JUnitReportReporter -->
<testsuite hostname="DESKTOP-NG269CV" failures="0" tests="1" name="test.TestRunnerLogin" time="22.842" errors="0" timestamp="2025-03-25T17:42:51 IST" skipped="0">
  <testcase classname="test.TestRunnerLogin" name="runScenario" time="22.842">
    <system-out>
      <![CDATA[Title Test Passed
Login Page Test Passed]]>
    </system-out>
  </testcase> <!-- runScenario -->
  <system-out>
    <![CDATA[Title Test Passed
Login Page Test Passed]]>
  </system-out>
</testsuite> <!-- test.TestRunnerLogin -->
